# JRE version: Java(TM) SE Runtime Environment (8.0_221-b11) (build 1.8.0_221-b11)
# Java VM: Java HotSpot(TM) 64-Bit Server VM (25.221-b11 mixed mode windows-amd64 compressed oops)
Heap:
 PSYoungGen      total 18944K, used 4010K [0x00000000eb400000, 0x00000000ec900000, 0x0000000100000000)
  eden space 16384K, 24% used [0x00000000eb400000,0x00000000eb7ea9e8,0x00000000ec400000)
  from space 2560K, 0% used [0x00000000ec400000,0x00000000ec400000,0x00000000ec680000)
  to   space 2560K, 0% used [0x00000000ec680000,0x00000000ec680000,0x00000000ec900000)
 ParOldGen       total 29184K, used 4667K [0x00000000c1c00000, 0x00000000c3880000, 0x00000000eb400000)
  object space 29184K, 15% used [0x00000000c1c00000,0x00000000c208efd0,0x00000000c3880000)
 Metaspace       used 15173K, capacity 15816K, committed 16128K, reserved 1064960K
  class space    used 2003K, capacity 2182K, committed 2304K, reserved 1048576K
GC Heap History (10 events):
Event: 4.594 GC heap before
{Heap before GC invocations=3 (full 0):
 PSYoungGen      total 18944K, used 6241K [0x00000000eb400000, 0x00000000ec900000, 0x0000000100000000)
  eden space 16384K, 22% used [0x00000000eb400000,0x00000000eb7992e0,0x00000000ec400000)
  from space 2560K, 99% used [0x00000000ec680000,0x00000000ec8ff298,0x00000000ec900000)
  to   space 2560K, 0% used [0x00000000ec400000,0x00000000ec400000,0x00000000ec680000)
 ParOldGen       total 44032K, used 1425K [0x00000000c1c00000, 0x00000000c4700000, 0x00000000eb400000)
  object space 44032K, 3% used [0x00000000c1c00000,0x00000000c1d645f0,0x00000000c4700000)
 Metaspace       used 10963K, capacity 11090K, committed 11264K, reserved 1062912K
  class space    used 1387K, capacity 1438K, committed 1536K, reserved 1048576K
Event: 4.612 GC heap after
Heap after GC invocations=3 (full 0):
 PSYoungGen      total 18944K, used 2560K [0x00000000eb400000, 0x00000000ec900000, 0x0000000100000000)
  eden space 16384K, 0% used [0x00000000eb400000,0x00000000eb400000,0x00000000ec400000)
  from space 2560K, 100% used [0x00000000ec400000,0x00000000ec680000,0x00000000ec680000)
  to   space 2560K, 0% used [0x00000000ec680000,0x00000000ec680000,0x00000000ec900000)
 ParOldGen       total 44032K, used 1626K [0x00000000c1c00000, 0x00000000c4700000, 0x00000000eb400000)
  object space 44032K, 3% used [0x00000000c1c00000,0x00000000c1d96b58,0x00000000c4700000)
 Metaspace       used 10963K, capacity 11090K, committed 11264K, reserved 1062912K
  class space    used 1387K, capacity 1438K, committed 1536K, reserved 1048576K
}
Event: 4.612 GC heap before
{Heap before GC invocations=4 (full 1):
 PSYoungGen      total 18944K, used 2560K [0x00000000eb400000, 0x00000000ec900000, 0x0000000100000000)
  eden space 16384K, 0% used [0x00000000eb400000,0x00000000eb400000,0x00000000ec400000)
  from space 2560K, 100% used [0x00000000ec400000,0x00000000ec680000,0x00000000ec680000)
  to   space 2560K, 0% used [0x00000000ec680000,0x00000000ec680000,0x00000000ec900000)
 ParOldGen       total 44032K, used 1626K [0x00000000c1c00000, 0x00000000c4700000, 0x00000000eb400000)
  object space 44032K, 3% used [0x00000000c1c00000,0x00000000c1d96b58,0x00000000c4700000)
 Metaspace       used 10963K, capacity 11090K, committed 11264K, reserved 1062912K
  class space    used 1387K, capacity 1438K, committed 1536K, reserved 1048576K
Event: 4.678 GC heap after
Heap after GC invocations=4 (full 1):
 PSYoungGen      total 18944K, used 0K [0x00000000eb400000, 0x00000000ec900000, 0x0000000100000000)
  eden space 16384K, 0% used [0x00000000eb400000,0x00000000eb400000,0x00000000ec400000)
  from space 2560K, 0% used [0x00000000ec400000,0x00000000ec400000,0x00000000ec680000)
  to   space 2560K, 0% used [0x00000000ec680000,0x00000000ec680000,0x00000000ec900000)
 ParOldGen       total 29184K, used 2727K [0x00000000c1c00000, 0x00000000c3880000, 0x00000000eb400000)
  object space 29184K, 9% used [0x00000000c1c00000,0x00000000c1ea9ca8,0x00000000c3880000)
 Metaspace       used 10963K, capacity 11090K, committed 11264K, reserved 1060864K
  class space    used 1387K, capacity 1438K, committed 1536K, reserved 1048576K
}
Event: 11.388 GC heap before
{Heap before GC invocations=5 (full 1):
 PSYoungGen      total 18944K, used 16384K [0x00000000eb400000, 0x00000000ec900000, 0x0000000100000000)
  eden space 16384K, 100% used [0x00000000eb400000,0x00000000ec400000,0x00000000ec400000)
  from space 2560K, 0% used [0x00000000ec400000,0x00000000ec400000,0x00000000ec680000)
  to   space 2560K, 0% used [0x00000000ec680000,0x00000000ec680000,0x00000000ec900000)
 ParOldGen       total 29184K, used 2727K [0x00000000c1c00000, 0x00000000c3880000, 0x00000000eb400000)
  object space 29184K, 9% used [0x00000000c1c00000,0x00000000c1ea9ca8,0x00000000c3880000)
 Metaspace       used 13424K, capacity 13768K, committed 13952K, reserved 1062912K
  class space    used 1719K, capacity 1864K, committed 1920K, reserved 1048576K
Event: 11.409 GC heap after
Heap after GC invocations=5 (full 1):
 PSYoungGen      total 18944K, used 2531K [0x00000000eb400000, 0x00000000ec900000, 0x0000000100000000)
  eden space 16384K, 0% used [0x00000000eb400000,0x00000000eb400000,0x00000000ec400000)
  from space 2560K, 98% used [0x00000000ec680000,0x00000000ec8f8cb8,0x00000000ec900000)
  to   space 2560K, 0% used [0x00000000ec400000,0x00000000ec400000,0x00000000ec680000)
 ParOldGen       total 29184K, used 2772K [0x00000000c1c00000, 0x00000000c3880000, 0x00000000eb400000)
  object space 29184K, 9% used [0x00000000c1c00000,0x00000000c1eb5170,0x00000000c3880000)
 Metaspace       used 13424K, capacity 13768K, committed 13952K, reserved 1062912K
  class space    used 1719K, capacity 1864K, committed 1920K, reserved 1048576K
}
Event: 12.130 GC heap before
{Heap before GC invocations=6 (full 1):
 PSYoungGen      total 18944K, used 8181K [0x00000000eb400000, 0x00000000ec900000, 0x0000000100000000)
  eden space 16384K, 34% used [0x00000000eb400000,0x00000000eb984a38,0x00000000ec400000)
  from space 2560K, 98% used [0x00000000ec680000,0x00000000ec8f8cb8,0x00000000ec900000)
  to   space 2560K, 0% used [0x00000000ec400000,0x00000000ec400000,0x00000000ec680000)
 ParOldGen       total 29184K, used 2772K [0x00000000c1c00000, 0x00000000c3880000, 0x00000000eb400000)
  object space 29184K, 9% used [0x00000000c1c00000,0x00000000c1eb5170,0x00000000c3880000)
 Metaspace       used 14518K, capacity 15158K, committed 15232K, reserved 1067008K
  class space    used 1907K, capacity 2111K, committed 2176K, reserved 1048576K
Event: 12.138 GC heap after
Heap after GC invocations=6 (full 1):
 PSYoungGen      total 18944K, used 2296K [0x00000000eb400000, 0x00000000ec900000, 0x0000000100000000)
  eden space 16384K, 0% used [0x00000000eb400000,0x00000000eb400000,0x00000000ec400000)
  from space 2560K, 89% used [0x00000000ec400000,0x00000000ec63e360,0x00000000ec680000)
  to   space 2560K, 0% used [0x00000000ec680000,0x00000000ec680000,0x00000000ec900000)
 ParOldGen       total 29184K, used 2780K [0x00000000c1c00000, 0x00000000c3880000, 0x00000000eb400000)
  object space 29184K, 9% used [0x00000000c1c00000,0x00000000c1eb7170,0x00000000c3880000)
 Metaspace       used 14518K, capacity 15158K, committed 15232K, reserved 1067008K
  class space    used 1907K, capacity 2111K, committed 2176K, reserved 1048576K
}
Event: 12.139 GC heap before
{Heap before GC invocations=7 (full 2):
 PSYoungGen      total 18944K, used 2296K [0x00000000eb400000, 0x00000000ec900000, 0x0000000100000000)
  eden space 16384K, 0% used [0x00000000eb400000,0x00000000eb400000,0x00000000ec400000)
  from space 2560K, 89% used [0x00000000ec400000,0x00000000ec63e360,0x00000000ec680000)
  to   space 2560K, 0% used [0x00000000ec680000,0x00000000ec680000,0x00000000ec900000)
 ParOldGen       total 29184K, used 2780K [0x00000000c1c00000, 0x00000000c3880000, 0x00000000eb400000)
  object space 29184K, 9% used [0x00000000c1c00000,0x00000000c1eb7170,0x00000000c3880000)
 Metaspace       used 14518K, capacity 15158K, committed 15232K, reserved 1067008K
  class space    used 1907K, capacity 2111K, committed 2176K, reserved 1048576K
Event: 12.314 GC heap after
Heap after GC invocations=7 (full 2):
 PSYoungGen      total 18944K, used 0K [0x00000000eb400000, 0x00000000ec900000, 0x0000000100000000)
  eden space 16384K, 0% used [0x00000000eb400000,0x00000000eb400000,0x00000000ec400000)
  from space 2560K, 0% used [0x00000000ec400000,0x00000000ec400000,0x00000000ec680000)
  to   space 2560K, 0% used [0x00000000ec680000,0x00000000ec680000,0x00000000ec900000)
 ParOldGen       total 29184K, used 4667K [0x00000000c1c00000, 0x00000000c3880000, 0x00000000eb400000)
  object space 29184K, 15% used [0x00000000c1c00000,0x00000000c208efd0,0x00000000c3880000)
 Metaspace       used 14518K, capacity 15158K, committed 15232K, reserved 1064960K
  class space    used 1907K, capacity 2111K, committed 2176K, reserved 1048576K
}

